{"C:\\Users\\nithi\\OneDrive\\Desktop\\PnPIDBClientStorageWrapper\\src\\index.ts": {"path":"C:\\Users\\nithi\\OneDrive\\Desktop\\PnPIDBClientStorageWrapper\\src\\index.ts","statementMap":{"0":{"start":{"line":2,"column":2},"end":{"line":2,"column":11}},"1":{"start":{"line":1,"column":0},"end":{"line":1,"column":16}}},"fnMap":{"0":{"name":"index","decl":{"start":{"line":1,"column":16},"end":{"line":1,"column":21}},"loc":{"start":{"line":1,"column":21},"end":{"line":3,"column":1}}}},"branchMap":{},"s":{"0":1,"1":1},"f":{"0":1},"b":{}}
}
